#
# There is insufficient memory for the Java Runtime Environment to continue.
# Native memory allocation (mmap) failed to map 67108864 bytes for G1 virtual space
# Possible reasons:
#   The system is out of physical RAM or swap space
#   The process is running with CompressedOops enabled, and the Java Heap may be blocking the growth of the native heap
# Possible solutions:
#   Reduce memory load on the system
#   Increase physical memory or swap space
#   Check if swap backing store is full
#   Decrease Java heap size (-Xmx/-Xms)
#   Decrease number of Java threads
#   Decrease Java thread stack sizes (-Xss)
#   Set larger code cache with -XX:ReservedCodeCacheSize=
#   JVM is running with Unscaled Compressed Oops mode in which the Java heap is
#     placed in the first 4GB address space. The Java Heap base address is the
#     maximum limit for the native heap growth. Please use -XX:HeapBaseMinAddress
#     to set the Java Heap base and to place the Java Heap above 4GB virtual address.
# This output file may be truncated or incomplete.
#
#  Out of Memory Error (os_windows.cpp:3617), pid=13788, tid=1492
#
# JRE version:  (17.0.8.1+1) (build )
# Java VM: OpenJDK 64-Bit Server VM (17.0.8.1+1, mixed mode, sharing, tiered, compressed oops, compressed class ptrs, g1 gc, windows-amd64)
# No core dump will be written. Minidumps are not enabled by default on client versions of Windows
#

---------------  S U M M A R Y ------------

Command Line: -Dfile.encoding=UTF-8 -Dstdout.encoding=UTF-8 -Dstderr.encoding=UTF-8 -XX:+ShowCodeDetailsInExceptionMessages UIMain.main

Host: Intel(R) Core(TM) i3-8130U CPU @ 2.20GHz, 4 cores, 3G,  Windows 10 , 64 bit Build 17763 (10.0.17763.1)
Time: Mon Oct 23 15:46:29 2023 Hora est. Pacífico, Sudamérica elapsed time: 0.050293 seconds (0d 0h 0m 0s)

---------------  T H R E A D  ---------------

Current thread (0x00000200aab9aea0):  JavaThread "Unknown thread" [_thread_in_vm, id=1492, stack(0x000000e2a6f00000,0x000000e2a7000000)]

Stack: [0x000000e2a6f00000,0x000000e2a7000000]
Native frames: (J=compiled Java code, j=interpreted, Vv=VM code, C=native code)
V  [jvm.dll+0x678b0a]
V  [jvm.dll+0x835e84]
V  [jvm.dll+0x83762e]
V  [jvm.dll+0x837c93]
V  [jvm.dll+0x24746f]
V  [jvm.dll+0x675859]
V  [jvm.dll+0x66a0ea]
V  [jvm.dll+0x306c7b]
V  [jvm.dll+0x30e166]
V  [jvm.dll+0x35dd3e]
V  [jvm.dll+0x35df6f]
V  [jvm.dll+0x2ddb48]
V  [jvm.dll+0x2deab4]
V  [jvm.dll+0x807f31]
V  [jvm.dll+0x36bb21]
V  [jvm.dll+0x7e733c]
V  [jvm.dll+0x3ee4af]
V  [jvm.dll+0x3f00c1]
C  [jli.dll+0x528b]
C  [ucrtbase.dll+0x203ba]
C  [KERNEL32.DLL+0x17e94]
C  [ntdll.dll+0x31af1]


---------------  P R O C E S S  ---------------

Threads class SMR info:
_java_thread_list=0x00007ff8c6f6a018, length=0, elements={
}

Java Threads: ( => current thread )

Other Threads:
  0x00000200acbc1190 GCTaskThread "GC Thread#0" [stack: 0x000000e2a7000000,0x000000e2a7100000] [id=12192]
  0x00000200acbca140 ConcurrentGCThread "G1 Main Marker" [stack: 0x000000e2a7100000,0x000000e2a7200000] [id=6536]
  0x00000200acbcb2f0 ConcurrentGCThread "G1 Conc#0" [stack: 0x000000e2a7200000,0x000000e2a7300000] [id=18312]

[error occurred during error reporting (printing all threads), id 0xc0000005, EXCEPTION_ACCESS_VIOLATION (0xc0000005) at pc=0x00007ff8c673e587]

VM state: not at safepoint (not fully initialized)

VM Mutex/Monitor currently owned by a thread:  ([mutex/lock_event])
[0x00000200acb84800] Heap_lock - owner thread: 0x00000200aab9aea0

Heap address: 0x00000000c1e00000, size: 994 MB, Compressed Oops mode: 32-bit

CDS archive(s) mapped at: [0x0000000000000000-0x0000000000000000-0x0000000000000000), size 0, SharedBaseAddress: 0x0000000800000000, ArchiveRelocationMode: 1.
Narrow klass base: 0x0000000000000000, Narrow klass shift: 0, Narrow klass range: 0x0

GC Precious Log:
<Empty>

Heap:
 garbage-first heap   total 0K, used 0K [0x00000000c1e00000, 0x0000000100000000)
  region size 1024K, 0 young (0K), 0 survivors (0K)

[error occurred during error reporting (printing heap information), id 0xc0000005, EXCEPTION_ACCESS_VIOLATION (0xc0000005) at pc=0x00007ff8c6b22699]

GC Heap History (0 events):
No events

Dll operation events (1 events):
Event: 0.018 Loaded shared library C:\Users\EUCARIS\.p2\pool\plugins\org.eclipse.justj.openjdk.hotspot.jre.full.win32.x86_64_17.0.8.v20230831-1047\jre\bin\java.dll

Deoptimization events (0 events):
No events

Classes unloaded (0 events):
No events

Classes redefined (0 events):
No events

Internal exceptions (0 events):
No events

VM Operations (0 events):
No events

Events (0 events):
No events


Dynamic libraries:
0x00007ff60f120000 - 0x00007ff60f12e000 	C:\Users\EUCARIS\.p2\pool\plugins\org.eclipse.justj.openjdk.hotspot.jre.full.win32.x86_64_17.0.8.v20230831-1047\jre\bin\javaw.exe
0x00007ff918830000 - 0x00007ff918a1d000 	C:\Windows\SYSTEM32\ntdll.dll
0x00007ff9160f0000 - 0x00007ff9161a3000 	C:\Windows\System32\KERNEL32.DLL
0x00007ff914a70000 - 0x00007ff914d03000 	C:\Windows\System32\KERNELBASE.dll
0x00007ff914dc0000 - 0x00007ff914ebc000 	C:\Windows\System32\ucrtbase.dll
0x00007ff9018a0000 - 0x00007ff9018b7000 	C:\Users\EUCARIS\.p2\pool\plugins\org.eclipse.justj.openjdk.hotspot.jre.full.win32.x86_64_17.0.8.v20230831-1047\jre\bin\jli.dll
0x00007ff8fcbc0000 - 0x00007ff8fcbd9000 	C:\Users\EUCARIS\.p2\pool\plugins\org.eclipse.justj.openjdk.hotspot.jre.full.win32.x86_64_17.0.8.v20230831-1047\jre\bin\VCRUNTIME140.dll
0x00007ff918330000 - 0x00007ff9184c7000 	C:\Windows\System32\USER32.dll
0x00007ff9149b0000 - 0x00007ff9149d0000 	C:\Windows\System32\win32u.dll
0x00007ff903360000 - 0x00007ff9035d9000 	C:\Windows\WinSxS\amd64_microsoft.windows.common-controls_6595b64144ccf1df_6.0.17763.168_none_05b737f6071d80ab\COMCTL32.dll
0x00007ff917b90000 - 0x00007ff917bb9000 	C:\Windows\System32\GDI32.dll
0x00007ff914f90000 - 0x00007ff91512a000 	C:\Windows\System32\gdi32full.dll
0x00007ff917710000 - 0x00007ff9177ae000 	C:\Windows\System32\msvcrt.dll
0x00007ff9149d0000 - 0x00007ff914a70000 	C:\Windows\System32\msvcp_win.dll
0x00007ff917860000 - 0x00007ff917b8d000 	C:\Windows\System32\combase.dll
0x00007ff915a60000 - 0x00007ff915b83000 	C:\Windows\System32\RPCRT4.dll
0x00007ff914d40000 - 0x00007ff914dbe000 	C:\Windows\System32\bcryptPrimitives.dll
0x00007ff917830000 - 0x00007ff91785e000 	C:\Windows\System32\IMM32.DLL
0x00007ff90f410000 - 0x00007ff90f41c000 	C:\Users\EUCARIS\.p2\pool\plugins\org.eclipse.justj.openjdk.hotspot.jre.full.win32.x86_64_17.0.8.v20230831-1047\jre\bin\vcruntime140_1.dll
0x00007ff8f8e40000 - 0x00007ff8f8ed1000 	C:\Users\EUCARIS\.p2\pool\plugins\org.eclipse.justj.openjdk.hotspot.jre.full.win32.x86_64_17.0.8.v20230831-1047\jre\bin\msvcp140.dll
0x00007ff8c6450000 - 0x00007ff8c709c000 	C:\Users\EUCARIS\.p2\pool\plugins\org.eclipse.justj.openjdk.hotspot.jre.full.win32.x86_64_17.0.8.v20230831-1047\jre\bin\server\jvm.dll
0x00007ff9184d0000 - 0x00007ff918573000 	C:\Windows\System32\ADVAPI32.dll
0x00007ff918220000 - 0x00007ff9182be000 	C:\Windows\System32\sechost.dll
0x00007ff914860000 - 0x00007ff9148bd000 	C:\Windows\System32\POWRPROF.dll
0x00007ff8fe070000 - 0x00007ff8fe079000 	C:\Windows\SYSTEM32\WSOCK32.dll
0x00007ff9176a0000 - 0x00007ff91770d000 	C:\Windows\System32\WS2_32.dll
0x00007ff90e860000 - 0x00007ff90e86a000 	C:\Windows\SYSTEM32\VERSION.dll
0x00007ff90d160000 - 0x00007ff90d184000 	C:\Windows\SYSTEM32\WINMM.dll
0x00007ff90d0b0000 - 0x00007ff90d0dd000 	C:\Windows\SYSTEM32\WINMMBASE.dll
0x00007ff914960000 - 0x00007ff9149aa000 	C:\Windows\System32\cfgmgr32.dll
0x00007ff9148e0000 - 0x00007ff9148f1000 	C:\Windows\System32\kernel.appcore.dll
0x00007ff910380000 - 0x00007ff91038a000 	C:\Users\EUCARIS\.p2\pool\plugins\org.eclipse.justj.openjdk.hotspot.jre.full.win32.x86_64_17.0.8.v20230831-1047\jre\bin\jimage.dll
0x00007ff913240000 - 0x00007ff91342d000 	C:\Windows\SYSTEM32\DBGHELP.DLL
0x00007ff8fd570000 - 0x00007ff8fd59a000 	C:\Windows\SYSTEM32\dbgcore.DLL
0x00007ff90f630000 - 0x00007ff90f655000 	C:\Users\EUCARIS\.p2\pool\plugins\org.eclipse.justj.openjdk.hotspot.jre.full.win32.x86_64_17.0.8.v20230831-1047\jre\bin\java.dll

dbghelp: loaded successfully - version: 4.0.5 - missing functions: none
symbol engine: initialized successfully - sym options: 0x614 - pdb path: .;C:\Users\EUCARIS\.p2\pool\plugins\org.eclipse.justj.openjdk.hotspot.jre.full.win32.x86_64_17.0.8.v20230831-1047\jre\bin;C:\Windows\SYSTEM32;C:\Windows\WinSxS\amd64_microsoft.windows.common-controls_6595b64144ccf1df_6.0.17763.168_none_05b737f6071d80ab;C:\Users\EUCARIS\.p2\pool\plugins\org.eclipse.justj.openjdk.hotspot.jre.full.win32.x86_64_17.0.8.v20230831-1047\jre\bin\server

VM Arguments:
jvm_args: -Dfile.encoding=UTF-8 -Dstdout.encoding=UTF-8 -Dstderr.encoding=UTF-8 -XX:+ShowCodeDetailsInExceptionMessages 
java_command: UIMain.main
java_class_path (initial): D:\Documents\GitHub\practica-1-grupo-1-equipo-7\bin
Launcher Type: SUN_STANDARD

[Global flags]
     intx CICompilerCount                          = 3                                         {product} {ergonomic}
     uint ConcGCThreads                            = 1                                         {product} {ergonomic}
     uint G1ConcRefinementThreads                  = 4                                         {product} {ergonomic}
   size_t G1HeapRegionSize                         = 1048576                                   {product} {ergonomic}
    uintx GCDrainStackTargetSize                   = 64                                        {product} {ergonomic}
   size_t InitialHeapSize                          = 67108864                                  {product} {ergonomic}
   size_t MarkStackSize                            = 4194304                                   {product} {ergonomic}
   size_t MaxHeapSize                              = 1042284544                                {product} {ergonomic}
   size_t MinHeapDeltaBytes                        = 1048576                                   {product} {ergonomic}
   size_t MinHeapSize                              = 8388608                                   {product} {ergonomic}
    uintx NonNMethodCodeHeapSize                   = 5832780                                {pd product} {ergonomic}
    uintx NonProfiledCodeHeapSize                  = 122912730                              {pd product} {ergonomic}
    uintx ProfiledCodeHeapSize                     = 122912730                              {pd product} {ergonomic}
    uintx ReservedCodeCacheSize                    = 251658240                              {pd product} {ergonomic}
     bool SegmentedCodeCache                       = true                                      {product} {ergonomic}
     bool ShowCodeDetailsInExceptionMessages       = true                                   {manageable} {command line}
   size_t SoftMaxHeapSize                          = 1042284544                             {manageable} {ergonomic}
     bool UseCompressedClassPointers               = true                           {product lp64_product} {ergonomic}
     bool UseCompressedOops                        = true                           {product lp64_product} {ergonomic}
     bool UseG1GC                                  = true                                      {product} {ergonomic}
     bool UseLargePagesIndividualAllocation        = false                                  {pd product} {ergonomic}

Logging:
Log output configuration:
 #0: stdout all=warning uptime,level,tags
 #1: stderr all=off uptime,level,tags

Environment Variables:
PATH=C:/Users/EUCARIS/.p2/pool/plugins/org.eclipse.justj.openjdk.hotspot.jre.full.win32.x86_64_17.0.8.v20230831-1047/jre/bin/server;C:/Users/EUCARIS/.p2/pool/plugins/org.eclipse.justj.openjdk.hotspot.jre.full.win32.x86_64_17.0.8.v20230831-1047/jre/bin;C:/Users/EUCARIS/AppData/Local/Temp/eoi1617.tmp//plugins/org.eclipse.justj.openjdk.hotspot.jre.minimal.stripped.win32.x86_64_17.0.8.v20230831-1047/jre/bin/server;C:/Users/EUCARIS/AppData/Local/Temp/eoi1617.tmp//plugins/org.eclipse.justj.openjdk.hotspot.jre.minimal.stripped.win32.x86_64_17.0.8.v20230831-1047/jre/bin;C:\Program Files (x86)\Google\Chrome\Application;C:\Windows\system32;C:\Windows;C:\Windows\System32\Wbem;C:\Windows\System32\WindowsPowerShell\v1.0\;C:\Windows\System32\OpenSSH\;C:\Program Files\Intel\WiFi\bin\;C:\Program Files\Common Files\Intel\WirelessCommon\;C:\Users\EUCARIS\AppData\Local\Microsoft\WindowsApps;;D:\Downloads;;D:\Downloads;
USERNAME=EUCARIS
OS=Windows_NT
PROCESSOR_IDENTIFIER=Intel64 Family 6 Model 142 Stepping 10, GenuineIntel
TMP=C:\Users\EUCARIS\AppData\Local\Temp
TEMP=C:\Users\EUCARIS\AppData\Local\Temp



---------------  S Y S T E M  ---------------

OS:
 Windows 10 , 64 bit Build 17763 (10.0.17763.1)
OS uptime: 45 days 21:34 hours

CPU: total 4 (initial active 4) (2 cores per cpu, 2 threads per core) family 6 model 142 stepping 10 microcode 0x96, cx8, cmov, fxsr, ht, mmx, 3dnowpref, sse, sse2, sse3, ssse3, sse4.1, sse4.2, popcnt, lzcnt, tsc, tscinvbit, avx, avx2, aes, erms, clmul, bmi1, bmi2, adx, fma, vzeroupper, clflush, clflushopt
Processor Information for all 4 processors :
  Max Mhz: 2208, Current Mhz: 2208, Mhz Limit: 2208

Memory: 4k page, system-wide physical 3974M (453M free)
TotalPageFile size 16262M (AvailPageFile size 55M)
current process WorkingSet (physical memory assigned to process): 10M, peak: 10M
current process commit charge ("private bytes"): 51M, peak: 115M

vm_info: OpenJDK 64-Bit Server VM (17.0.8.1+1) for windows-amd64 JRE (17.0.8.1+1), built on Aug 23 2023 15:29:17 by "admin" with MS VC++ 16.7 (VS2019)

END.
